<?xml version="1.0" encoding="UTF-8"?>
<!-- Generated by org.testng.reporters.JUnitReportReporter -->
<testsuite hostname="AsusVivoBook14" name="Assignment.Signup" tests="2" failures="0" timestamp="13 Sep 2021 13:38:25 GMT" time="15.045" errors="0">
  <testcase name="Upload" time="12.748" classname="Assignment.Signup"/>
  <testcase name="SigninTest1" time="2.297" classname="Assignment.Signup"/>
</testsuite> <!-- Assignment.Signup -->
