<?xml version="1.0" encoding="UTF-8"?>
<!-- Generated by org.testng.reporters.JUnitReportReporter -->
<testsuite hostname="AsusVivoBook14" name="Assignment.AutomationTestCases" tests="2" failures="0" timestamp="13 Sep 2021 13:50:41 GMT" time="15.073" errors="0">
  <testcase name="Upload" time="12.797" classname="Assignment.AutomationTestCases"/>
  <testcase name="SigninTest1" time="2.276" classname="Assignment.AutomationTestCases"/>
</testsuite> <!-- Assignment.AutomationTestCases -->
